<?xml version="1.0" encoding="UTF-8"?>
<!-- Generated by org.testng.reporters.JUnitXMLReporter -->
<testsuite ignored="0" hostname="King_Vishwa" failures="0" tests="3" name="Test" time="23.176" errors="0" timestamp="2025-01-10T00:02:09 IST">
  <testcase classname="PomDataDrivenTestng.TestScript1" name="clickOnBook" time="1.352"/>
  <testcase classname="PomDataDrivenTestng.TestScript2" name="clickOnComputers" time="0.691"/>
  <testcase classname="PomDataDrivenTestng.TestScript3" name="clickOnComputers" time="0.667"/>
</testsuite> <!-- Test -->
