<?xml version="1.0" encoding="UTF-8"?>
<!-- Generated by org.testng.reporters.JUnitXMLReporter -->
<testsuite ignored="2" hostname="King_Vishwa" failures="0" tests="1" name="Test" time="2.664" errors="0" timestamp="2024-10-26T14:08:15 IST">
  <testcase classname="Cars.Tata" name="launch" time="2.624"/>
  <testcase classname="Cars.Audi" name="launch" time="0.0">
    <ignored/>
  </testcase> <!-- launch -->
  <testcase classname="Cars.Ferrari" name="launch" time="0.0">
    <ignored/>
  </testcase> <!-- launch -->
</testsuite> <!-- Test -->
