<?xml version="1.0" encoding="UTF-8"?>
<testng-results ignored="0" total="3" passed="3" failed="0" skipped="0">
  <reporter-output>
  </reporter-output>
  <suite started-at="2025-01-28T23:12:37 IST" name="Suite" finished-at="2025-01-28T23:12:53 IST" duration-ms="15654">
    <groups>
    </groups>
    <test started-at="2025-01-28T23:12:37 IST" name="Test1" finished-at="2025-01-28T23:12:44 IST" duration-ms="7273">
      <class name="CrossBrowserTesting.ToLearnCrossBrowserTesting">
        <test-method signature="launch(java.lang.String)[pri:0, instance:CrossBrowserTesting.ToLearnCrossBrowserTesting@130161f7]" started-at="2025-01-28T23:12:37 IST" name="launch" finished-at="2025-01-28T23:12:44 IST" duration-ms="7243" status="PASS">
          <params>
            <param index="0">
              <value>
                <![CDATA[edge]]>
              </value>
            </param>
          </params>
          <reporter-output>
          </reporter-output>
        </test-method> <!-- launch -->
      </class> <!-- CrossBrowserTesting.ToLearnCrossBrowserTesting -->
    </test> <!-- Test1 -->
    <test started-at="2025-01-28T23:12:44 IST" name="Test2" finished-at="2025-01-28T23:12:47 IST" duration-ms="2130">
      <class name="CrossBrowserTesting.ToLearnCrossBrowserTesting">
        <test-method signature="launch(java.lang.String)[pri:0, instance:CrossBrowserTesting.ToLearnCrossBrowserTesting@12468a38]" started-at="2025-01-28T23:12:44 IST" name="launch" finished-at="2025-01-28T23:12:47 IST" duration-ms="2126" status="PASS">
          <params>
            <param index="0">
              <value>
                <![CDATA[chrome]]>
              </value>
            </param>
          </params>
          <reporter-output>
          </reporter-output>
        </test-method> <!-- launch -->
      </class> <!-- CrossBrowserTesting.ToLearnCrossBrowserTesting -->
    </test> <!-- Test2 -->
    <test started-at="2025-01-28T23:12:47 IST" name="Test3" finished-at="2025-01-28T23:12:53 IST" duration-ms="6189">
      <class name="CrossBrowserTesting.ToLearnCrossBrowserTesting">
        <test-method signature="launch(java.lang.String)[pri:0, instance:CrossBrowserTesting.ToLearnCrossBrowserTesting@5b239d7d]" started-at="2025-01-28T23:12:47 IST" name="launch" finished-at="2025-01-28T23:12:53 IST" duration-ms="6186" status="PASS">
          <params>
            <param index="0">
              <value>
                <![CDATA[firefox]]>
              </value>
            </param>
          </params>
          <reporter-output>
          </reporter-output>
        </test-method> <!-- launch -->
      </class> <!-- CrossBrowserTesting.ToLearnCrossBrowserTesting -->
    </test> <!-- Test3 -->
  </suite> <!-- Suite -->
</testng-results>
